This is pdfTeX, Version 3.14159265-2.6-1.40.17 (TeX Live 2016) (preloaded format=pdflatex 2016.5.22)  19 MAR 2017 21:05
entering extended mode
 restricted \write18 enabled.
 %&-line parsing enabled.
**mainpaper_eli
(./mainpaper_eli.tex
LaTeX2e <2016/03/31>
Babel <3.9r> and hyphenation patterns for 83 language(s) loaded.
(/usr/local/texlive/2016/texmf-dist/tex/latex/base/article.cls
Document Class: article 2014/09/29 v1.4h Standard LaTeX document class
(/usr/local/texlive/2016/texmf-dist/tex/latex/base/size10.clo
File: size10.clo 2014/09/29 v1.4h Standard LaTeX file (size option)
)
\c@part=\count79
\c@section=\count80
\c@subsection=\count81
\c@subsubsection=\count82
\c@paragraph=\count83
\c@subparagraph=\count84
\c@figure=\count85
\c@table=\count86
\abovecaptionskip=\skip41
\belowcaptionskip=\skip42
\bibindent=\dimen102
)
(/usr/local/texlive/2016/texmf-dist/tex/latex/natbib/natbib.sty
Package: natbib 2010/09/13 8.31b (PWD, AO)
\bibhang=\skip43
\bibsep=\skip44
LaTeX Info: Redefining \cite on input line 694.
\c@NAT@ctr=\count87
)
(/usr/local/texlive/2016/texmf-dist/tex/latex/oberdiek/pdflscape.sty
Package: pdflscape 2016/05/14 v0.11 Display of landscape pages in PDF (HO)

(/usr/local/texlive/2016/texmf-dist/tex/latex/graphics/lscape.sty
Package: lscape 2000/10/22 v3.01 Landscape Pages (DPC)

(/usr/local/texlive/2016/texmf-dist/tex/latex/graphics/graphics.sty
Package: graphics 2016/05/09 v1.0r Standard LaTeX Graphics (DPC,SPQR)

(/usr/local/texlive/2016/texmf-dist/tex/latex/graphics/trig.sty
Package: trig 2016/01/03 v1.10 sin cos tan (DPC)
)
(/usr/local/texlive/2016/texmf-dist/tex/latex/graphics-cfg/graphics.cfg
File: graphics.cfg 2016/01/02 v1.10 sample graphics configuration
)
Package graphics Info: Driver file: pdftex.def on input line 96.

(/usr/local/texlive/2016/texmf-dist/tex/latex/pdftex-def/pdftex.def
File: pdftex.def 2011/05/27 v0.06d Graphics/color for pdfTeX

(/usr/local/texlive/2016/texmf-dist/tex/generic/oberdiek/infwarerr.sty
Package: infwarerr 2016/05/16 v1.4 Providing info/warning/error messages (HO)
)
(/usr/local/texlive/2016/texmf-dist/tex/generic/oberdiek/ltxcmds.sty
Package: ltxcmds 2016/05/16 v1.23 LaTeX kernel commands for general use (HO)
)
\Gread@gobject=\count88
)))
(/usr/local/texlive/2016/texmf-dist/tex/generic/oberdiek/ifpdf.sty
Package: ifpdf 2016/05/14 v3.1 Provides the ifpdf switch
)
Package pdflscape Info: Auto-detected driver: pdftex on input line 81.

(/usr/local/texlive/2016/texmf-dist/tex/generic/ifxetex/ifxetex.sty
Package: ifxetex 2010/09/12 v0.6 Provides ifxetex conditional
))
(/usr/local/texlive/2016/texmf-dist/tex/latex/xcolor/xcolor.sty
Package: xcolor 2016/05/11 v2.12 LaTeX color extensions (UK)

(/usr/local/texlive/2016/texmf-dist/tex/latex/graphics-cfg/color.cfg
File: color.cfg 2016/01/02 v1.6 sample color configuration
)
Package xcolor Info: Driver file: pdftex.def on input line 225.
Package xcolor Info: Model `cmy' substituted by `cmy0' on input line 1348.
Package xcolor Info: Model `hsb' substituted by `rgb' on input line 1352.
Package xcolor Info: Model `RGB' extended on input line 1364.
Package xcolor Info: Model `HTML' substituted by `rgb' on input line 1366.
Package xcolor Info: Model `Hsb' substituted by `hsb' on input line 1367.
Package xcolor Info: Model `tHsb' substituted by `hsb' on input line 1368.
Package xcolor Info: Model `HSB' substituted by `hsb' on input line 1369.
Package xcolor Info: Model `Gray' substituted by `gray' on input line 1370.
Package xcolor Info: Model `wave' substituted by `hsb' on input line 1371.
)
(/usr/local/texlive/2016/texmf-dist/tex/latex/relsize/relsize.sty
Package: relsize 2013/03/29 ver 4.1
)
(/usr/local/texlive/2016/texmf-dist/tex/latex/listings/listings.sty
(/usr/local/texlive/2016/texmf-dist/tex/latex/graphics/keyval.sty
Package: keyval 2014/10/28 v1.15 key=value parser (DPC)
\KV@toks@=\toks14
)
\lst@mode=\count89
\lst@gtempboxa=\box26
\lst@token=\toks15
\lst@length=\count90
\lst@currlwidth=\dimen103
\lst@column=\count91
\lst@pos=\count92
\lst@lostspace=\dimen104
\lst@width=\dimen105
\lst@newlines=\count93
\lst@lineno=\count94
\lst@maxwidth=\dimen106

(/usr/local/texlive/2016/texmf-dist/tex/latex/listings/lstmisc.sty
File: lstmisc.sty 2015/06/04 1.6 (Carsten Heinz)
\c@lstnumber=\count95
\lst@skipnumbers=\count96
\lst@framebox=\box27
)
(/usr/local/texlive/2016/texmf-dist/tex/latex/listings/listings.cfg
File: listings.cfg 2015/06/04 1.6 listings configuration
))
Package: listings 2015/06/04 1.6 (Carsten Heinz)

(/usr/local/texlive/2016/texmf-dist/tex/latex/tools/verbatim.sty
Package: verbatim 2014/10/28 v1.5q LaTeX2e package for verbatim enhancements
\every@verbatim=\toks16
\verbatim@line=\toks17
\verbatim@in@stream=\read1
)
(/usr/local/texlive/2016/texmf-dist/tex/latex/graphics/graphicx.sty
Package: graphicx 2014/10/28 v1.0g Enhanced LaTeX Graphics (DPC,SPQR)
\Gin@req@height=\dimen107
\Gin@req@width=\dimen108
)
(/usr/local/texlive/2016/texmf-dist/tex/latex/hyperref/hyperref.sty
Package: hyperref 2016/05/05 v6.83n Hypertext links for LaTeX

(/usr/local/texlive/2016/texmf-dist/tex/generic/oberdiek/hobsub-hyperref.sty
Package: hobsub-hyperref 2016/05/16 v1.14 Bundle oberdiek, subset hyperref (HO)


(/usr/local/texlive/2016/texmf-dist/tex/generic/oberdiek/hobsub-generic.sty
Package: hobsub-generic 2016/05/16 v1.14 Bundle oberdiek, subset generic (HO)
Package: hobsub 2016/05/16 v1.14 Construct package bundles (HO)
Package hobsub Info: Skipping package `infwarerr' (already loaded).
Package hobsub Info: Skipping package `ltxcmds' (already loaded).
Package: ifluatex 2016/05/16 v1.4 Provides the ifluatex switch (HO)
Package ifluatex Info: LuaTeX not detected.
Package: ifvtex 2016/05/16 v1.6 Detect VTeX and its facilities (HO)
Package ifvtex Info: VTeX not detected.
Package: intcalc 2016/05/16 v1.2 Expandable calculations with integers (HO)
Package hobsub Info: Skipping package `ifpdf' (already loaded).
Package: etexcmds 2016/05/16 v1.6 Avoid name clashes with e-TeX commands (HO)
Package etexcmds Info: Could not find \expanded.
(etexcmds)             That can mean that you are not using pdfTeX 1.50 or
(etexcmds)             that some package has redefined \expanded.
(etexcmds)             In the latter case, load this package earlier.
Package: kvsetkeys 2016/05/16 v1.17 Key value parser (HO)
Package: kvdefinekeys 2016/05/16 v1.4 Define keys (HO)
Package: pdftexcmds 2016/05/10 v0.21 Utility functions of pdfTeX for LuaTeX (HO
)
Package pdftexcmds Info: LuaTeX not detected.
Package pdftexcmds Info: \pdf@primitive is available.
Package pdftexcmds Info: \pdf@ifprimitive is available.
Package pdftexcmds Info: \pdfdraftmode found.
Package: pdfescape 2016/05/16 v1.14 Implements pdfTeX's escape features (HO)
Package: bigintcalc 2016/05/16 v1.4 Expandable calculations on big integers (HO
)
Package: bitset 2016/05/16 v1.2 Handle bit-vector datatype (HO)
Package: uniquecounter 2016/05/16 v1.3 Provide unlimited unique counter (HO)
)
Package hobsub Info: Skipping package `hobsub' (already loaded).
Package: letltxmacro 2016/05/16 v1.5 Let assignment for LaTeX macros (HO)
Package: hopatch 2016/05/16 v1.3 Wrapper for package hooks (HO)
Package: xcolor-patch 2016/05/16 xcolor patch
Package: atveryend 2016/05/16 v1.9 Hooks at the very end of document (HO)
Package atveryend Info: \enddocument detected (standard20110627).
Package: atbegshi 2016/05/16 v1.17 At begin shipout hook (HO)
Package: refcount 2016/05/16 v3.5 Data extraction from label references (HO)
Package: hycolor 2016/05/16 v1.8 Color options for hyperref/bookmark (HO)
)
(/usr/local/texlive/2016/texmf-dist/tex/latex/oberdiek/auxhook.sty
Package: auxhook 2016/05/16 v1.4 Hooks for auxiliary files (HO)
)
(/usr/local/texlive/2016/texmf-dist/tex/latex/oberdiek/kvoptions.sty
Package: kvoptions 2016/05/16 v3.12 Key value format for package options (HO)
)
\@linkdim=\dimen109
\Hy@linkcounter=\count97
\Hy@pagecounter=\count98

(/usr/local/texlive/2016/texmf-dist/tex/latex/hyperref/pd1enc.def
File: pd1enc.def 2016/05/05 v6.83n Hyperref: PDFDocEncoding definition (HO)
)
\Hy@SavedSpaceFactor=\count99

(/usr/local/texlive/2016/texmf-dist/tex/latex/latexconfig/hyperref.cfg
File: hyperref.cfg 2002/06/06 v1.2 hyperref configuration of TeXLive
)
Package hyperref Info: Hyper figures OFF on input line 4446.
Package hyperref Info: Link nesting OFF on input line 4451.
Package hyperref Info: Hyper index ON on input line 4454.
Package hyperref Info: Plain pages OFF on input line 4461.
Package hyperref Info: Backreferencing OFF on input line 4466.
Package hyperref Info: Implicit mode ON; LaTeX internals redefined.
Package hyperref Info: Bookmarks ON on input line 4691.
\c@Hy@tempcnt=\count100

(/usr/local/texlive/2016/texmf-dist/tex/latex/url/url.sty
\Urlmuskip=\muskip10
Package: url 2013/09/16  ver 3.4  Verb mode for urls, etc.
)
LaTeX Info: Redefining \url on input line 5044.
\XeTeXLinkMargin=\dimen110
\Fld@menulength=\count101
\Field@Width=\dimen111
\Fld@charsize=\dimen112
Package hyperref Info: Hyper figures OFF on input line 6298.
Package hyperref Info: Link nesting OFF on input line 6303.
Package hyperref Info: Hyper index ON on input line 6306.
Package hyperref Info: backreferencing OFF on input line 6313.
Package hyperref Info: Link coloring OFF on input line 6318.
Package hyperref Info: Link coloring with OCG OFF on input line 6323.
Package hyperref Info: PDF/A mode OFF on input line 6328.
LaTeX Info: Redefining \ref on input line 6368.
LaTeX Info: Redefining \pageref on input line 6372.
\Hy@abspage=\count102
\c@Item=\count103
\c@Hfootnote=\count104
)

Package hyperref Message: Driver (autodetected): hpdftex.

(/usr/local/texlive/2016/texmf-dist/tex/latex/hyperref/hpdftex.def
File: hpdftex.def 2016/05/05 v6.83n Hyperref driver for pdfTeX
\Fld@listcount=\count105
\c@bookmark@seq@number=\count106

(/usr/local/texlive/2016/texmf-dist/tex/latex/oberdiek/rerunfilecheck.sty
Package: rerunfilecheck 2016/05/16 v1.8 Rerun checks for auxiliary files (HO)
Package uniquecounter Info: New unique counter `rerunfilecheck' on input line 2
82.
)
\Hy@SectionHShift=\skip45
)
Package hyperref Info: Option `colorlinks' set `true' on input line 13.

(/usr/local/texlive/2016/texmf-dist/tex/latex/amsmath/amsmath.sty
Package: amsmath 2016/03/10 v2.15b AMS math features
\@mathmargin=\skip46

For additional information on amsmath, use the `?' option.
(/usr/local/texlive/2016/texmf-dist/tex/latex/amsmath/amstext.sty
Package: amstext 2000/06/29 v2.01 AMS text

(/usr/local/texlive/2016/texmf-dist/tex/latex/amsmath/amsgen.sty
File: amsgen.sty 1999/11/30 v2.0 generic functions
\@emptytoks=\toks18
\ex@=\dimen113
))
(/usr/local/texlive/2016/texmf-dist/tex/latex/amsmath/amsbsy.sty
Package: amsbsy 1999/11/29 v1.2d Bold Symbols
\pmbraise@=\dimen114
)
(/usr/local/texlive/2016/texmf-dist/tex/latex/amsmath/amsopn.sty
Package: amsopn 2016/03/08 v2.02 operator names
)
\inf@bad=\count107
LaTeX Info: Redefining \frac on input line 199.
\uproot@=\count108
\leftroot@=\count109
LaTeX Info: Redefining \overline on input line 297.
\classnum@=\count110
\DOTSCASE@=\count111
LaTeX Info: Redefining \ldots on input line 394.
LaTeX Info: Redefining \dots on input line 397.
LaTeX Info: Redefining \cdots on input line 518.
\Mathstrutbox@=\box28
\strutbox@=\box29
\big@size=\dimen115
LaTeX Font Info:    Redeclaring font encoding OML on input line 634.
LaTeX Font Info:    Redeclaring font encoding OMS on input line 635.
\macc@depth=\count112
\c@MaxMatrixCols=\count113
\dotsspace@=\muskip11
\c@parentequation=\count114
\dspbrk@lvl=\count115
\tag@help=\toks19
\row@=\count116
\column@=\count117
\maxfields@=\count118
\andhelp@=\toks20
\eqnshift@=\dimen116
\alignsep@=\dimen117
\tagshift@=\dimen118
\tagwidth@=\dimen119
\totwidth@=\dimen120
\lineht@=\dimen121
\@envbody=\toks21
\multlinegap=\skip47
\multlinetaggap=\skip48
\mathdisplay@stack=\toks22
LaTeX Info: Redefining \[ on input line 2739.
LaTeX Info: Redefining \] on input line 2740.
)
(/usr/local/texlive/2016/texmf-dist/tex/latex/float/float.sty
Package: float 2001/11/08 v1.3d Float enhancements (AL)
\c@float@type=\count119
\float@exts=\toks23
\float@box=\box30
\@float@everytoks=\toks24
\@floatcapt=\box31
)
(/usr/local/texlive/2016/texmf-dist/tex/latex/placeins/placeins.sty
Package: placeins 2005/04/18  v 2.2
)
(/usr/local/texlive/2016/texmf-dist/tex/latex/titlesec/titlesec.sty
Package: titlesec 2016/03/21 v2.10.2 Sectioning titles
\ttl@box=\box32
\beforetitleunit=\skip49
\aftertitleunit=\skip50
\ttl@plus=\dimen122
\ttl@minus=\dimen123
\ttl@toksa=\toks25
\titlewidth=\dimen124
\titlewidthlast=\dimen125
\titlewidthfirst=\dimen126
)
(/usr/local/texlive/2016/texmf-dist/tex/latex/preprint/authblk.sty
Package: authblk 2001/02/27 1.3 (PWD)
\affilsep=\skip51
\@affilsep=\skip52
\c@Maxaffil=\count120
\c@authors=\count121
\c@affil=\count122
)
(/usr/local/texlive/2016/texmf-dist/tex/latex/tools/longtable.sty
Package: longtable 2014/10/28 v4.11 Multi-page Table package (DPC)
\LTleft=\skip53
\LTright=\skip54
\LTpre=\skip55
\LTpost=\skip56
\LTchunksize=\count123
\LTcapwidth=\dimen127
\LT@head=\box33
\LT@firsthead=\box34
\LT@foot=\box35
\LT@lastfoot=\box36
\LT@cols=\count124
\LT@rows=\count125
\c@LT@tables=\count126
\c@LT@chunks=\count127
\LT@p@ftn=\toks26
)
(./mainpaper_eli.aux)
\openout1 = `mainpaper_eli.aux'.

LaTeX Font Info:    Checking defaults for OML/cmm/m/it on input line 56.
LaTeX Font Info:    ... okay on input line 56.
LaTeX Font Info:    Checking defaults for T1/cmr/m/n on input line 56.
LaTeX Font Info:    ... okay on input line 56.
LaTeX Font Info:    Checking defaults for OT1/cmr/m/n on input line 56.
LaTeX Font Info:    ... okay on input line 56.
LaTeX Font Info:    Checking defaults for OMS/cmsy/m/n on input line 56.
LaTeX Font Info:    ... okay on input line 56.
LaTeX Font Info:    Checking defaults for OMX/cmex/m/n on input line 56.
LaTeX Font Info:    ... okay on input line 56.
LaTeX Font Info:    Checking defaults for U/cmr/m/n on input line 56.
LaTeX Font Info:    ... okay on input line 56.
LaTeX Font Info:    Checking defaults for PD1/pdf/m/n on input line 56.
LaTeX Font Info:    ... okay on input line 56.

(/usr/local/texlive/2016/texmf-dist/tex/context/base/mkii/supp-pdf.mkii
[Loading MPS to PDF converter (version 2006.09.02).]
\scratchcounter=\count128
\scratchdimen=\dimen128
\scratchbox=\box37
\nofMPsegments=\count129
\nofMParguments=\count130
\everyMPshowfont=\toks27
\MPscratchCnt=\count131
\MPscratchDim=\dimen129
\MPnumerator=\count132
\makeMPintoPDFobject=\count133
\everyMPtoPDFconversion=\toks28
) (/usr/local/texlive/2016/texmf-dist/tex/latex/oberdiek/epstopdf-base.sty
Package: epstopdf-base 2016/05/15 v2.6 Base part for package epstopdf

(/usr/local/texlive/2016/texmf-dist/tex/latex/oberdiek/grfext.sty
Package: grfext 2016/05/16 v1.2 Manage graphics extensions (HO)
)
Package grfext Info: Graphics extension search list:
(grfext)             [.png,.pdf,.jpg,.mps,.jpeg,.jbig2,.jb2,.PNG,.PDF,.JPG,.JPE
G,.JBIG2,.JB2,.eps]
(grfext)             \AppendGraphicsExtensions on input line 456.

(/usr/local/texlive/2016/texmf-dist/tex/latex/latexconfig/epstopdf-sys.cfg
File: epstopdf-sys.cfg 2010/07/13 v1.3 Configuration of (r)epstopdf for TeX Liv
e
))
\c@lstlisting=\count134
\AtBeginShipoutBox=\box38
Package hyperref Info: Link coloring ON on input line 56.

(/usr/local/texlive/2016/texmf-dist/tex/latex/hyperref/nameref.sty
Package: nameref 2012/10/27 v2.43 Cross-referencing by name of section

(/usr/local/texlive/2016/texmf-dist/tex/generic/oberdiek/gettitlestring.sty
Package: gettitlestring 2016/05/16 v1.5 Cleanup title references (HO)
)
\c@section@level=\count135
)
LaTeX Info: Redefining \ref on input line 56.
LaTeX Info: Redefining \pageref on input line 56.
LaTeX Info: Redefining \nameref on input line 56.

(./mainpaper_eli.out) (./mainpaper_eli.out)
\@outlinefile=\write3
\openout3 = `mainpaper_eli.out'.

LaTeX Font Info:    Try loading font information for OMS+cmr on input line 57.

(/usr/local/texlive/2016/texmf-dist/tex/latex/base/omscmr.fd
File: omscmr.fd 2014/09/29 v2.5h Standard LaTeX font definitions
)
LaTeX Font Info:    Font shape `OMS/cmr/m/n' in size <8> not available
(Font)              Font shape `OMS/cmsy/m/n' tried instead on input line 57.
LaTeX Font Info:    Font shape `OMS/cmr/m/n' in size <6> not available
(Font)              Font shape `OMS/cmsy/m/n' tried instead on input line 57.
 [1

{/usr/local/texlive/2016/texmf-var/fonts/map/pdftex/updmap/pdftex.map}] (./main
paper_eli.toc
[2])
\tf@toc=\write4
\openout4 = `mainpaper_eli.toc'.

 [3] [4]
LaTeX Font Info:    Font shape `OT1/cmtt/bx/n' in size <12> not available
(Font)              Font shape `OT1/cmtt/m/n' tried instead on input line 169.
 [5]
Overfull \hbox (15.90361pt too wide) detected at line 239
[]
 []

[6pdfTeX warning (ext4): destination with the same identifier (name{table.1}) h
as been already used, duplicate ignored

\AtBegShi@Output ...ipout \box \AtBeginShipoutBox 
                                                  \fi \fi 
l.288 \end{equation}
                    ]
Overfull \hbox (80.03491pt too wide) detected at line 314
[]
 []

LaTeX Font Info:    Font shape `OT1/cmtt/bx/n' in size <10> not available
(Font)              Font shape `OT1/cmtt/m/n' tried instead on input line 338.
[7] <Picture/PUBOnlyCCnSample.pdf, id=310, 505.89pt x 505.89pt>
File: Picture/PUBOnlyCCnSample.pdf Graphic file (type pdf)

<use Picture/PUBOnlyCCnSample.pdf>
Package pdftex.def Info: Picture/PUBOnlyCCnSample.pdf used on input line 380.
(pdftex.def)             Requested size: 345.00414pt x 227.62523pt.

<Picture/PUB2OnlyCCnSample.pdf, id=311, 505.89pt x 505.89pt>
File: Picture/PUB2OnlyCCnSample.pdf Graphic file (type pdf)

<use Picture/PUB2OnlyCCnSample.pdf>
Package pdftex.def Info: Picture/PUB2OnlyCCnSample.pdf used on input line 392.
(pdftex.def)             Requested size: 345.00414pt x 227.62523pt.
 [8pdfTeX warning (ext4): destination with the same identifier (name{figure.1})
 has been already used, duplicate ignored

\AtBegShi@Output ...ipout \box \AtBeginShipoutBox 
                                                  \fi \fi 
l.416 
       <./Picture/PUBOnlyCCnSample.pdf>]
<Picture/FDRandcFDRforDNandCC.pdf, id=332, 505.89pt x 505.89pt>
File: Picture/FDRandcFDRforDNandCC.pdf Graphic file (type pdf)

<use Picture/FDRandcFDRforDNandCC.pdf>
Package pdftex.def Info: Picture/FDRandcFDRforDNandCC.pdf used on input line 42
9.
(pdftex.def)             Requested size: 345.00414pt x 227.62523pt.
 [9pdfTeX warning (ext4): destination with the same identifier (name{figure.2})
 has been already used, duplicate ignored

\AtBegShi@Output ...ipout \box \AtBeginShipoutBox 
                                                  \fi \fi 
l.435 \FloatBarrier
                    <./Picture/PUB2OnlyCCnSample.pdf>] [10pdfTeX warning (ext4)
: destination with the same identifier (name{figure.3}) has been already used, 
duplicate ignored

\AtBegShi@Output ...ipout \box \AtBeginShipoutBox 
                                                  \fi \fi 
l.475 
       <./Picture/FDRandcFDRforDNandCC.pdf>]
<Picture/ClusteringSwdenPops.pdf, id=372, 505.89pt x 505.89pt>
File: Picture/ClusteringSwdenPops.pdf Graphic file (type pdf)

<use Picture/ClusteringSwdenPops.pdf>
Package pdftex.def Info: Picture/ClusteringSwdenPops.pdf used on input line 485
.
(pdftex.def)             Requested size: 345.00414pt x 227.62523pt.
 [11] [12pdfTeX warning (ext4): destination with the same identifier (name{figu
re.4}) has been already used, duplicate ignored

\AtBegShi@Output ...ipout \box \AtBeginShipoutBox 
                                                  \fi \fi 
l.573 
       <./Picture/ClusteringSwdenPops.pdf>]
<Picture/HeatMapPostDensitySCZ_combinedCC.pdf, id=413, 505.89pt x 505.89pt>
File: Picture/HeatMapPostDensitySCZ_combinedCC.pdf Graphic file (type pdf)

<use Picture/HeatMapPostDensitySCZ_combinedCC.pdf>
Package pdftex.def Info: Picture/HeatMapPostDensitySCZ_combinedCC.pdf used on i
nput line 580.
(pdftex.def)             Requested size: 345.00414pt x 227.62523pt.
 [13pdfTeX warning (ext4): destination with the same identifier (name{table.2})
 has been already used, duplicate ignored

\AtBegShi@Output ...ipout \box \AtBeginShipoutBox 
                                                  \fi \fi 
l.588 
      ]
Overfull \hbox (1.42189pt too wide) in paragraph at lines 594--594
|[]\OT1/cmr/bx/n/10 Top SCZ sig-nif-i-cant genes from \OT1/cmtt/m/n/10 extTADA 
\OT1/cmr/bx/n/10 are en-riched in known
 []


Overfull \hbox (45.02864pt too wide) in paragraph at lines 596--621
\OT1/cmr/m/n/10 sory capabilities$\OMS/cmsy/m/n/10 j$\OT1/cmr/m/n/10 reflexes$\
OMS/cmsy/m/n/10 j$\OT1/cmr/m/n/10 nociception, ab-nor-mal mo-tor capabilities$\
OMS/cmsy/m/n/10 j$\OT1/cmr/m/n/10 coordination$\OMS/cmsy/m/n/10 j$\OT1/cmr/m/n/
10 movement,
 []

[14pdfTeX warning (ext4): destination with the same identifier (name{figure.5})
 has been already used, duplicate ignored

\AtBegShi@Output ...ipout \box \AtBeginShipoutBox 
                                                  \fi \fi 
l.621 
       <./Picture/HeatMapPostDensitySCZ_combinedCC.pdf>]
Missing character: There is no Ã in font cmr10!
Missing character: There is no ­ in font cmr10!
 [15]
Overfull \hbox (106.50023pt too wide) in paragraph at lines 642--680
[][]
 []


LaTeX Warning: Float too large for page by 44.19998pt on input line 682.

[16pdfTeX warning (ext4): destination with the same identifier (name{table.3}) 
has been already used, duplicate ignored

\AtBegShi@Output ...ipout \box \AtBeginShipoutBox 
                                                  \fi \fi 
l.684 \end{landscape}
                     ]
<Picture//heatmap_countgene_powerFDR005.pdf, id=472, 505.89pt x 505.89pt>
File: Picture//heatmap_countgene_powerFDR005.pdf Graphic file (type pdf)

<use Picture//heatmap_countgene_powerFDR005.pdf>
Package pdftex.def Info: Picture//heatmap_countgene_powerFDR005.pdf used on inp
ut line 698.
(pdftex.def)             Requested size: 345.00414pt x 227.62523pt.
 [17


pdfTeX warning (ext4): destination with the same identifier (name{figure.6}) ha
s been already used, duplicate ignored

\AtBegShi@Output ...ipout \box \AtBeginShipoutBox 
                                                  \fi \fi 
l.726 
       <./Picture//heatmap_countgene_powerFDR005.pdf>]
Overfull \hbox (15.38025pt too wide) in paragraph at lines 729--729
|[]\OT1/cmr/bx/n/10 Test ge-netic ar-chi-tec-ture of SCZ us-ing both In-ExAC an
d NoExAC
 []

[18]
<Picture/HeatMapPostDensityAUTandIDandEPIandDD.jpg, id=513, 481.8pt x 481.8pt>
File: Picture/HeatMapPostDensityAUTandIDandEPIandDD.jpg Graphic file (type jpg)


<use Picture/HeatMapPostDensityAUTandIDandEPIandDD.jpg>
Package pdftex.def Info: Picture/HeatMapPostDensityAUTandIDandEPIandDD.jpg used
 on input line 794.
(pdftex.def)             Requested size: 345.00635pt x 398.35004pt.
 [19] [20pdfTeX warning (ext4): destination with the same identifier (name{figu
re.7}) has been already used, duplicate ignored

\AtBegShi@Output ...ipout \box \AtBeginShipoutBox 
                                                  \fi \fi 
l.826 
       <./Picture/HeatMapPostDensityAUTandIDandEPIandDD.jpg>]
Overfull \hbox (6.19502pt too wide) in paragraph at lines 832--862
\OT1/cmr/m/n/10 control vari-ants and de novo mu-ta-tions to in-fer ge-netic ar
-chi-tec-ture for schizophre-
 []

[21] [22] [23]
Overfull \hbox (20.53151pt too wide) in paragraph at lines 989--1008
\OT1/cmr/m/n/10 et al.[][] ([][]2016[][]), the file \OT1/cmr/m/it/10 wgEn-codeO
penChromD-nase-Cere-brum-frontalocPk.narrowPeak.gz
 []


Overfull \hbox (50.71591pt too wide) in paragraph at lines 1009--1014
\OT1/cmr/m/n/10 side ExAC (NoExAC or pri-vate). On April 20, 2016, the file \OT
1/cmr/m/it/10 ExAC.r0.3.nonpsych.sites.vcf.gz
 []

[24]
LaTeX Font Info:    Font shape `OMS/cmr/m/n' in size <10> not available
(Font)              Font shape `OMS/cmsy/m/n' tried instead on input line 1029.

Missing character: There is no Ã in font cmr10!
Missing character: There is no — in font cmr10!

Overfull \hbox (0.74724pt too wide) in paragraph at lines 1056--1065
\OT1/cmtt/m/n/10 www . broadinstitute . org / scientific-[]community / science 
/ projects /
 []


Overfull \hbox (4.66441pt too wide) in paragraph at lines 1056--1065
\OT1/cmtt/m/n/10 mammals-[]models / 29-[]mammals-[]project-[]supplementary-[]in
fo$[][] \OT1/cmr/m/n/10 on May 11,
 []

[25]
Overfull \hbox (5.84108pt too wide) in paragraph at lines 1095--1095
|[]\OT1/cmtt/m/n/10 extTADA \OT1/cmr/bx/n/10 pipeline: an-a-lyze de novo, trans
-mis-sion and case-control
 []


Overfull \hbox (7.93985pt too wide) in paragraph at lines 1110--1114
[]\OT1/cmr/m/n/10 Let K be the num-ber of cat-e-gories (e.g., mis-sense, MiD, L
oF), $\OML/cmm/m/it/10 x[] \OT1/cmr/m/n/10 = (\OML/cmm/m/it/10 x[]; ::; x[]\OT1
/cmr/m/n/10 )$
 []


Overfull \hbox (6.18706pt too wide) in paragraph at lines 1154--1165
\OT1/cmr/m/n/10 BFs in Equa-tion [][]4[][]. The hy-per-pa-ram-e-ters $\OML/cmm/
m/it/10 ^^^[] \OT1/cmr/m/n/10 = (\OML/cmm/m/it/10 ^^M[]; ^^M[]; ^^L[]; ^^L[]; ^
^Z[]; ^^W[]\OT1/cmr/m/n/10 )$
 []

[26] [27] [28] [29] [30] [31]pdfTeX warning (ext4): destination with the same i
dentifier (name{table.1}) has been already used, duplicate ignored
<to be read again> 
                   \relax 
l.1531 \caption
               {Simulated and estimated values of de novo (DN) andpdfTeX warnin
g (ext4): destination with the same identifier (name{table.1}) has been already
 used, duplicate ignored
<to be read again> 
                   \relax 
l.1533   0.05 and 0.95 respectively.}
                                     pdfTeX warning (ext4): destination with th
e same identifier (name{table.1}) has been already used, duplicate ignored
<to be read again> 
                   \relax 
l.1533   0.05 and 0.95 respectively.}
                                      [32]
Underfull \hbox (badness 10000) in paragraph at lines 1558--1558
[][][]\OT1/cmr/m/n/9 EuroEPINOMICS-RES
 []

Missing character: There is no â in font cmr9!
Missing character: There is no € in font cmr9!
Missing character: There is no ™ in font cmr9!

Overfull \hbox (3.2321pt too wide) in paragraph at lines 1541--1574
[][] 
 []

pdfTeX warning (ext4): destination with the same identifier (name{table.2}) has
 been already used, duplicate ignored
<to be read again> 
                   \relax 
l.1577 \caption
               {De novo and case/controlpdfTeX warning (ext4): destination with
 the same identifier (name{table.2}) has been already used, duplicate ignored
<to be read again> 
                   \relax 
l.1584 ...{singh2016rare} are used in this study.}
                                                  pdfTeX warning (ext4): destin
ation with the same identifier (name{table.2}) has been already used, duplicate
 ignored
<to be read again> 
                   \relax 
l.1584 ...{singh2016rare} are used in this study.}
                                                   [33]pdfTeX warning (ext4): d
estination with the same identifier (name{table.3}) has been already used, dupl
icate ignored
<to be read again> 
                   \relax 
l.1612 \caption
               {De novo mutation counts of categories and their mutation
Overfull \hbox (14.38948pt too wide) in paragraph at lines 1590--1615
[][]
 []

pdfTeX warning (ext4): destination with the same identifier (name{table.3}) has
 been already used, duplicate ignored
<to be read again> 
                   \relax 
l.1615   disorder (DD).}
                        pdfTeX warning (ext4): destination with the same identi
fier (name{table.3}) has been already used, duplicate ignored
<to be read again> 
                   \relax 
l.1615   disorder (DD).}
                         [34]
Underfull \hbox (badness 10000) in paragraph at lines 1638--1639
[][][]\OT1/cmr/m/n/10 Weyn-Vanhentenryck
 []


Underfull \hbox (badness 10000) in paragraph at lines 1649--1650
\OT1/cmr/m/n/10 spe-cific, chd8 hu-man
 []


Overfull \hbox (0.52257pt too wide) in paragraph at lines 1653--1653
[]\OT1/cmr/m/n/10 CNV.denovo.gain/loss.asd| 
 []


Overfull \hbox (0.6337pt too wide) in paragraph at lines 1659--1659
[]\OT1/cmr/m/n/10 DD.allDenovoMiDandLoF| 
 []


Overfull \hbox (6.05038pt too wide) in paragraph at lines 1660--1660
[]\OT1/cmr/m/n/10 ASD.allDenovoMiDandLoF| 
 []


Overfull \hbox (2.57816pt too wide) in paragraph at lines 1661--1661
[]\OT1/cmr/m/n/10 EPI.allDenovoMiDandLoF| 
 []


Overfull \hbox (89.33856pt too wide) in paragraph at lines 1629--1667
[][]
 []

[35pdfTeX warning (ext4): destination with the same identifier (name{table.4}) 
has been already used, duplicate ignored

\AtBegShi@Output ...ipout \box \AtBeginShipoutBox 
                                                  \fi \fi 
l.1671 
       ]
Overfull \hbox (98.37311pt too wide) in alignment at lines 1676--1682
 [] [] [] 
 []


Overfull \hbox (98.37311pt too wide) in alignment at lines 1682--1704
 [] [] [] 
 []


Overfull \hbox (98.37311pt too wide) in alignment at lines 1704--1724
 [] [] [] 
 []

[36pdfTeX warning (ext4): destination with the same identifier (name{table.5}) 
has been already used, duplicate ignored

\AtBegShi@Output ...ipout \box \AtBeginShipoutBox 
                                                  \fi \fi 
l.1724 G
        O:0022839  &  0.00027  &  1.2e-02 \\]
Overfull \hbox (98.37311pt too wide) in alignment at lines 1724--1744
 [] [] [] 
 []


Overfull \hbox (98.37311pt too wide) in alignment at lines 1744--1764
 [] [] [] 
 []

[37]
Overfull \hbox (98.37311pt too wide) in alignment at lines 1764--1784
 [] [] [] 
 []


Overfull \hbox (98.37311pt too wide) in alignment at lines 1784--1793
 [] [] [] 
 []

[38]
Overfull \hbox (7.21468pt too wide) in paragraph at lines 1797--1814
[][]
 []

[39pdfTeX warning (ext4): destination with the same identifier (name{table.7}) 
has been already used, duplicate ignored

\AtBegShi@Output ...ipout \box \AtBeginShipoutBox 
                                                  \fi \fi 
l.1863 
       pdfTeX warning (ext4): destination with the same identifier (name{table.
8}) has been already used, duplicate ignored

\AtBegShi@Output ...ipout \box \AtBeginShipoutBox 
                                                  \fi \fi 
l.1863 
       pdfTeX warning (ext4): destination with the same identifier (name{table.
9}) has been already used, duplicate ignored

\AtBegShi@Output ...ipout \box \AtBeginShipoutBox 
                                                  \fi \fi 
l.1863 
       ] <Picture/TADAextTADAcomparison.pdf, id=993, 1445.4pt x 1445.4pt>
File: Picture/TADAextTADAcomparison.pdf Graphic file (type pdf)

<use Picture/TADAextTADAcomparison.pdf>
Package pdftex.def Info: Picture/TADAextTADAcomparison.pdf used on input line 1
902.
(pdftex.def)             Requested size: 344.9843pt x 344.9843pt.
pdfTeX warning (ext4): destination with the same identifier (name{figure.1}) ha
s been already used, duplicate ignored
<to be read again> 
                   \relax 
l.1903 \caption
               {Comparison between \texttt{TADA} and
Underfull \hbox (badness 10000) in paragraph at lines 1902--1911
[][]
 []

pdfTeX warning (ext4): destination with the same identifier (name{figure.1}) ha
s been already used, duplicate ignored
<to be read again> 
                   \relax 
l.1911   inside \texttt{extTADA}.}
                                  pdfTeX warning (ext4): destination with the s
ame identifier (name{figure.1}) has been already used, duplicate ignored
<to be read again> 
                   \relax 
l.1911   inside \texttt{extTADA}.}
                                   [40pdfTeX warning (ext4): destination with t
he same identifier (name{table.10}) has been already used, duplicate ignored

\AtBegShi@Output ...ipout \box \AtBeginShipoutBox 
                                                  \fi \fi 
l.1914 
       pdfTeX warning (ext4): destination with the same identifier (name{table.
11}) has been already used, duplicate ignored

\AtBegShi@Output ...ipout \box \AtBeginShipoutBox 
                                                  \fi \fi 
l.1914 
       pdfTeX warning (ext4): destination with the same identifier (name{table.
12}) has been already used, duplicate ignored

\AtBegShi@Output ...ipout \box \AtBeginShipoutBox 
                                                  \fi \fi 
l.1914 
       pdfTeX warning (ext4): destination with the same identifier (name{table.
13}) has been already used, duplicate ignored

\AtBegShi@Output ...ipout \box \AtBeginShipoutBox 
                                                  \fi \fi 
l.1914 
       pdfTeX warning (ext4): destination with the same identifier (name{table.
14}) has been already used, duplicate ignored

\AtBegShi@Output ...ipout \box \AtBeginShipoutBox 
                                                  \fi \fi 
l.1914 
       ] <Picture/wholeDataAnalysis.pdf, id=999, 998.73125pt x 875.27pt>
File: Picture/wholeDataAnalysis.pdf Graphic file (type pdf)

<use Picture/wholeDataAnalysis.pdf>
Package pdftex.def Info: Picture/wholeDataAnalysis.pdf used on input line 1917.

(pdftex.def)             Requested size: 344.98935pt x 344.99998pt.
pdfTeX warning (ext4): destination with the same identifier (name{figure.2}) ha
s been already used, duplicate ignored
<to be read again> 
                   \relax 
l.1918 \caption
               {Workflow of data analysis.}
Underfull \hbox (badness 10000) in paragraph at lines 1917--1918
[][]
 []

pdfTeX warning (ext4): destination with the same identifier (name{figure.2}) ha
s been already used, duplicate ignored
<to be read again> 
                   \relax 
l.1918 \caption{Workflow of data analysis.}
                                            [41 <./Picture/TADAextTADAcompariso
n.pdf>] <Picture/SimulationOnlyCC.pdf, id=1125, 1156.32pt x 1156.32pt>
File: Picture/SimulationOnlyCC.pdf Graphic file (type pdf)

<use Picture/SimulationOnlyCC.pdf>
Package pdftex.def Info: Picture/SimulationOnlyCC.pdf used on input line 1925.
(pdftex.def)             Requested size: 344.99312pt x 344.99312pt.
pdfTeX warning (ext4): destination with the same identifier (name{figure.3}) ha
s been already used, duplicate ignored
<to be read again> 
                   \relax 
l.1926 \caption
               {Correlation between simulated and estimated values for
Underfull \hbox (badness 10000) in paragraph at lines 1925--1927
[][]
 []

pdfTeX warning (ext4): destination with the same identifier (name{figure.3}) ha
s been already used, duplicate ignored
<to be read again> 
                   \relax 
l.1927   one-category case/control data.}
                                         pdfTeX warning (ext4): destination wit
h the same identifier (name{figure.3}) has been already used, duplicate ignored

<to be read again> 
                   \relax 
l.1927   one-category case/control data.}
                                          [42 <./Picture/wholeDataAnalysis.pdf>
] <Picture/Simulation2CC.pdf, id=1195, 1228.59pt x 1228.59pt>
File: Picture/Simulation2CC.pdf Graphic file (type pdf)

<use Picture/Simulation2CC.pdf>
Package pdftex.def Info: Picture/Simulation2CC.pdf used on input line 1932.
(pdftex.def)             Requested size: 344.99643pt x 344.99643pt.
pdfTeX warning (ext4): destination with the same identifier (name{figure.4}) ha
s been already used, duplicate ignored
<to be read again> 
                   \relax 
l.1933 \caption
               {Correlation between simulated and estimated values for
Underfull \hbox (badness 10000) in paragraph at lines 1932--1934
[][]
 []

pdfTeX warning (ext4): destination with the same identifier (name{figure.4}) ha
s been already used, duplicate ignored
<to be read again> 
                   \relax 
l.1934   two-category case/control data.}
                                         pdfTeX warning (ext4): destination wit
h the same identifier (name{figure.4}) has been already used, duplicate ignored

<to be read again> 
                   \relax 
l.1934   two-category case/control data.}
                                          [43 <./Picture/SimulationOnlyCC.pdf>]
<Picture/SCZ_DNcasecontrolRatio.pdf, id=1253, 505.89pt x 505.89pt>
File: Picture/SCZ_DNcasecontrolRatio.pdf Graphic file (type pdf)

<use Picture/SCZ_DNcasecontrolRatio.pdf>
Package pdftex.def Info: Picture/SCZ_DNcasecontrolRatio.pdf used on input line 
1941.
(pdftex.def)             Requested size: 345.00414pt x 345.00414pt.
pdfTeX warning (ext4): destination with the same identifier (name{figure.5}) ha
s been already used, duplicate ignored
<to be read again> 
                   \relax 
l.1942 \caption
               {Ratios of de novo mutations between SCZ probands and controlspd
fTeX warning (ext4): destination with the same identifier (name{figure.5}) has 
been already used, duplicate ignored
<to be read again> 
                   \relax 
l.1945   7 methods. }
                     pdfTeX warning (ext4): destination with the same identifie
r (name{figure.5}) has been already used, duplicate ignored
<to be read again> 
                   \relax 
l.1945   7 methods. }
                      [44 <./Picture/Simulation2CC.pdf>]
<Picture/MCMCtraceplotSCZ_combinedCC.pdf, id=1310, 505.89pt x 505.89pt>
File: Picture/MCMCtraceplotSCZ_combinedCC.pdf Graphic file (type pdf)

<use Picture/MCMCtraceplotSCZ_combinedCC.pdf>
Package pdftex.def Info: Picture/MCMCtraceplotSCZ_combinedCC.pdf used on input 
line 1950.
(pdftex.def)             Requested size: 345.00414pt x 227.62523pt.
pdfTeX warning (ext4): destination with the same identifier (name{figure.6}) ha
s been already used, duplicate ignored
<to be read again> 
                   \relax 
l.1951 \caption
               {MCMC results for SCZ data.}pdfTeX warning (ext4): destination w
ith the same identifier (name{figure.6}) has been already used, duplicate ignor
ed
<to be read again> 
                   \relax 
l.1951 \caption{MCMC results for SCZ data.}
                                            [45 <./Picture/SCZ_DNcasecontrolRat
io.pdf>] <Picture/BetaAndGammaCorrelation.pdf, id=1323, 505.89pt x 505.89pt>
File: Picture/BetaAndGammaCorrelation.pdf Graphic file (type pdf)

<use Picture/BetaAndGammaCorrelation.pdf>
Package pdftex.def Info: Picture/BetaAndGammaCorrelation.pdf used on input line
 1957.
(pdftex.def)             Requested size: 345.00414pt x 227.62523pt.
pdfTeX warning (ext4): destination with the same identifier (name{figure.7}) ha
s been already used, duplicate ignored
<to be read again> 
                   \relax 
l.1958 \caption
               {A grid of $\beta$ and $\gamma$ values. Points on the red linepd
fTeX warning (ext4): destination with the same identifier (name{figure.7}) has 
been already used, duplicate ignored
<to be read again> 
                   \relax 
l.1960 0.0$\%$.}
                pdfTeX warning (ext4): destination with the same identifier (na
me{figure.7}) has been already used, duplicate ignored
<to be read again> 
                   \relax 
l.1960 0.0$\%$.}
                 [46 <./Picture/MCMCtraceplotSCZ_combinedCC.pdf>]
Overfull \hbox (24.64607pt too wide) detected at line 1981
\OML/cmm/m/it/10 P\OT1/cmr/m/n/10 (\OML/cmm/m/it/10 x[]\OMS/cmsy/m/n/10 j\OML/c
mm/m/it/10 H[]\OT1/cmr/m/n/10 ) = [] \OML/cmm/m/it/10 P\OT1/cmr/m/n/10 (\OML/cm
m/m/it/10 x[]\OMS/cmsy/m/n/10 j\OML/cmm/m/it/10 q; H[]\OT1/cmr/m/n/10 )\OML/cmm
/m/it/10 P\OT1/cmr/m/n/10 (\OML/cmm/m/it/10 q\OMS/cmsy/m/n/10 j\OML/cmm/m/it/10
 ^^Z; ^^W; H[]\OT1/cmr/m/n/10 )\OML/cmm/m/it/10 dq \OT1/cmr/m/n/10 = \OML/cmm/m
/it/10 NegBin\OT1/cmr/m/n/10 (\OML/cmm/m/it/10 x[]\OMS/cmsy/m/n/10 j\OML/cmm/m/
it/10 ^^Z; []\OT1/cmr/m/n/10 )\OML/cmm/m/it/10 ; j \OT1/cmr/m/n/10 = 0\OML/cmm/
m/it/10 ; \OT1/cmr/m/n/10 1
 []

(./mainpaper_eli.bbl [47 <./Picture/BetaAndGammaCorrelation.pdf>] [48] [49]
Missing character: There is no Ä in font cmr10!
Missing character: There is no ‡ in font cmr10!

[50]
Missing character: There is no Ã in font cmr10!
Missing character: There is no ­ in font cmr10!
Missing character: There is no â in font cmr10!
Missing character: There is no € in font cmr10!
Missing character: There is no ™ in font cmr10!
Missing character: There is no â in font cmr10!
Missing character: There is no € in font cmr10!
Missing character: There is no ™ in font cmr10!
 [51] [52])
Package atveryend Info: Empty hook `BeforeClearDocument' on input line 1997.
 [53]
Package atveryend Info: Empty hook `AfterLastShipout' on input line 1997.
 (./mainpaper_eli.aux)
Package atveryend Info: Executing hook `AtVeryEndDocument' on input line 1997.
Package atveryend Info: Executing hook `AtEndAfterFileList' on input line 1997.

Package rerunfilecheck Info: File `mainpaper_eli.out' has not changed.
(rerunfilecheck)             Checksum: A893DBD3FD099CD63E9E8473AD5ADAD6;2911.
Package atveryend Info: Empty hook `AtVeryVeryEnd' on input line 1997.
 ) 
Here is how much of TeX's memory you used:
 8777 strings out of 493014
 129198 string characters out of 6133351
 252216 words of memory out of 5000000
 11996 multiletter control sequences out of 15000+600000
 11458 words of font info for 42 fonts, out of 8000000 for 9000
 1141 hyphenation exceptions out of 8191
 34i,12n,41p,699b,533s stack positions out of 5000i,500n,10000p,200000b,80000s
</usr/local/texlive/2016/texmf-dist/fonts/type1/public/amsfonts/cm/cmbx10.pfb
></usr/local/texlive/2016/texmf-dist/fonts/type1/public/amsfonts/cm/cmbx12.pfb>
</usr/local/texlive/2016/texmf-dist/fonts/type1/public/amsfonts/cm/cmbx9.pfb></
usr/local/texlive/2016/texmf-dist/fonts/type1/public/amsfonts/cm/cmex10.pfb></u
sr/local/texlive/2016/texmf-dist/fonts/type1/public/amsfonts/cmextra/cmex7.pfb>
</usr/local/texlive/2016/texmf-dist/fonts/type1/public/amsfonts/cm/cmmi10.pfb><
/usr/local/texlive/2016/texmf-dist/fonts/type1/public/amsfonts/cm/cmmi5.pfb></u
sr/local/texlive/2016/texmf-dist/fonts/type1/public/amsfonts/cm/cmmi7.pfb></usr
/local/texlive/2016/texmf-dist/fonts/type1/public/amsfonts/cm/cmmi9.pfb></usr/l
ocal/texlive/2016/texmf-dist/fonts/type1/public/amsfonts/cm/cmr10.pfb></usr/loc
al/texlive/2016/texmf-dist/fonts/type1/public/amsfonts/cm/cmr12.pfb></usr/local
/texlive/2016/texmf-dist/fonts/type1/public/amsfonts/cm/cmr5.pfb></usr/local/te
xlive/2016/texmf-dist/fonts/type1/public/amsfonts/cm/cmr7.pfb></usr/local/texli
ve/2016/texmf-dist/fonts/type1/public/amsfonts/cm/cmr8.pfb></usr/local/texlive/
2016/texmf-dist/fonts/type1/public/amsfonts/cm/cmr9.pfb></usr/local/texlive/201
6/texmf-dist/fonts/type1/public/amsfonts/cm/cmsy10.pfb></usr/local/texlive/2016
/texmf-dist/fonts/type1/public/amsfonts/cm/cmsy6.pfb></usr/local/texlive/2016/t
exmf-dist/fonts/type1/public/amsfonts/cm/cmsy7.pfb></usr/local/texlive/2016/tex
mf-dist/fonts/type1/public/amsfonts/cm/cmsy8.pfb></usr/local/texlive/2016/texmf
-dist/fonts/type1/public/amsfonts/cm/cmsy9.pfb></usr/local/texlive/2016/texmf-d
ist/fonts/type1/public/amsfonts/cm/cmti10.pfb></usr/local/texlive/2016/texmf-di
st/fonts/type1/public/amsfonts/cm/cmtt10.pfb></usr/local/texlive/2016/texmf-dis
t/fonts/type1/public/amsfonts/cm/cmtt12.pfb>
Output written on mainpaper_eli.pdf (53 pages, 3026629 bytes).
PDF statistics:
 1502 PDF objects out of 1728 (max. 8388607)
 1268 compressed objects within 13 object streams
 200 named destinations out of 1000 (max. 500000)
 343 words of extra memory for PDF output out of 10000 (max. 10000000)

